<?xml version="1.0" encoding="UTF-8"?>
<!-- Generated by org.testng.reporters.JUnitReportReporter -->
<testsuite skipped="0" hostname="ip-172-31-26-20" name="testcases.HomePageTest" tests="1" failures="0" timestamp="22 Apr 2023 06:56:30 GMT" time="1.746" errors="0">
  <testcase name="test3" time="1.746" classname="testcases.HomePageTest"/>
</testsuite> <!-- testcases.HomePageTest -->
