<?xml version="1.0" encoding="UTF-8"?>
<!-- Generated by org.testng.reporters.JUnitReportReporter -->
<testsuite skipped="0" hostname="ip-172-31-26-20" name="testcases.LoginTest" tests="3" failures="0" timestamp="06 May 2023 06:32:54 GMT" time="16.325" errors="0">
  <testcase name="test4" time="4.910" classname="testcases.LoginTest"/>
  <testcase name="test1" time="5.639" classname="testcases.LoginTest"/>
  <testcase name="test2" time="5.776" classname="testcases.LoginTest"/>
</testsuite> <!-- testcases.LoginTest -->
